<?xml version="1.0" encoding="UTF-8"?>
<!-- Generated by org.testng.reporters.JUnitReportReporter -->
<testsuite hostname="LAPTOP-U2A0IT42" failures="0" tests="4" name="deckOfCardsTEst.Deck_Of_Cards" time="2.905" errors="0" timestamp="2021-11-24T09:43:18 GMT" skipped="0">
  <testcase classname="deckOfCardsTEst.Deck_Of_Cards" name="getDeckDetails" time="2.264"/>
  <system-out/>
  <testcase classname="deckOfCardsTEst.Deck_Of_Cards" name="getDrawCards" time="0.196"/>
  <system-out/>
  <testcase classname="deckOfCardsTEst.Deck_Of_Cards" name="getReturnBackDeck" time="0.239"/>
  <system-out/>
  <testcase classname="deckOfCardsTEst.Deck_Of_Cards" name="getCorrectNumberCardsInDeck" time="0.206"/>
  <system-out/>
</testsuite> <!-- deckOfCardsTEst.Deck_Of_Cards -->
